 VITE v6.3.3  ready in 2625 ms

  ➜  Local:   http://localhost:5000/
  ➜  Network: http://172.18.48.1:5000/
  ➜  Network: http://10.15.3.173:5000/
  ➜  press h + enter to show help
X [ERROR] Failed to write to output file: open C:\Users\A. Bill\Documents\CURSOR_PROJECT\my_stage\node_modules\.vite\deps_temp_34b03187\vue.js.map: Le fichier spécifié est introuvable.

X [ERROR] Failed to write to output file: open C:\Users\A. Bill\Documents\CURSOR_PROJECT\my_stage\node_modules\.vite\deps_temp_34b03187\@vuelidate_core.js.map: Le fichier spécifié est introuvable.

X [ERROR] Failed to write to output file: open C:\Users\A. Bill\Documents\CURSOR_PROJECT\my_stage\node_modules\.vite\deps_temp_34b03187\aos.js: Le fichier spécifié est introuvable.

X [ERROR] Failed to write to output file: open C:\Users\A. Bill\Documents\CURSOR_PROJECT\my_stage\node_modules\.vite\deps_temp_34b03187\@vuelidate_validators.js: Le fichier spécifié est introuvable.

X [ERROR] Failed to write to output file: open C:\Users\A. Bill\Documents\CURSOR_PROJECT\my_stage\node_modules\.vite\deps_temp_34b03187\chunk-BUSYA2B4.js: Le fichier spécifié est introuvable.

X [ERROR] Failed to write to output file: open C:\Users\A. Bill\Documents\CURSOR_PROJECT\my_stage\node_modules\.vite\deps_temp_34b03187\@vuelidate_validators.js.map: Le fichier spécifié est introuvable.

X [ERROR] Failed to write to output file: open C:\Users\A. Bill\Documents\CURSOR_PROJECT\my_stage\node_modules\.vite\deps_temp_34b03187\aos.js.map: Le fichier spécifié est introuvable.

X [ERROR] Failed to write to output file: open C:\Users\A. Bill\Documents\CURSOR_PROJECT\my_stage\node_modules\.vite\deps_temp_34b03187\@vuelidate_core.js: Le fichier spécifié est introuvable.

X [ERROR] Failed to write to output file: open C:\Users\A. Bill\Documents\CURSOR_PROJECT\my_stage\node_modules\.vite\deps_temp_34b03187\vue.js: Le fichier spécifié est introuvable.

X [ERROR] Failed to write to output file: open C:\Users\A. Bill\Documents\CURSOR_PROJECT\my_stage\node_modules\.vite\deps_temp_34b03187\chunk-YFT6OQ5R.js.map: Le fichier spécifié est introuvable.

X [ERROR] Failed to write to output file: open C:\Users\A. Bill\Documents\CURSOR_PROJECT\my_stage\node_modules\.vite\deps_temp_34b03187\chunk-YFT6OQ5R.js: Le fichier spécifié est introuvable.

X [ERROR] Failed to write to output file: open C:\Users\A. Bill\Documents\CURSOR_PROJECT\my_stage\node_modules\.vite\deps_temp_34b03187\vue-router.js: Le fichier spécifié est introuvable.

X [ERROR] Failed to write to output file: open C:\Users\A. Bill\Documents\CURSOR_PROJECT\my_stage\node_modules\.vite\deps_temp_34b03187\vue-router.js.map: Le fichier spécifié est introuvable.

X [ERROR] Failed to write to output file: open C:\Users\A. Bill\Documents\CURSOR_PROJECT\my_stage\node_modules\.vite\deps_temp_34b03187\chunk-U3LI7FBV.js.map: Le fichier spécifié est introuvable.

X [ERROR] Failed to write to output file: open C:\Users\A. Bill\Documents\CURSOR_PROJECT\my_stage\node_modules\.vite\deps_temp_34b03187\vuex.js.map: Le fichier spécifié est introuvable.

X [ERROR] Failed to write to output file: open C:\Users\A. Bill\Documents\CURSOR_PROJECT\my_stage\node_modules\.vite\deps_temp_34b03187\chunk-U3LI7FBV.js: Le fichier spécifié est introuvable.

X [ERROR] Failed to write to output file: open C:\Users\A. Bill\Documents\CURSOR_PROJECT\my_stage\node_modules\.vite\deps_temp_34b03187\vuex.js: Le fichier spécifié est introuvable.

X [ERROR] Failed to write to output file: open C:\Users\A. Bill\Documents\CURSOR_PROJECT\my_stage\node_modules\.vite\deps_temp_34b03187\chunk-BUSYA2B4.js.map: Le fichier spécifié est introuvable.

Waiting for the debugger to disconnect...
C:\Users\A. Bill\Documents\CURSOR_PROJECT\my_stage\node_modules\esbuild\lib\main.js:1477
  let error = new Error(text);
              ^

Error: Build failed with 18 errors:
error: Failed to write to output file: open C:\Users\A. Bill\Documents\CURSOR_PROJECT\my_stage\node_modules\.vite\deps_temp_34b03187\vue.js.map: Le fichier spécifié est introuvable.
error: Failed to write to output file: open C:\Users\A. Bill\Documents\CURSOR_PROJECT\my_stage\node_modules\.vite\deps_temp_34b03187\@vuelidate_core.js.map: Le fichier spécifié est introuvable.
error: Failed to write to output file: open C:\Users\A. Bill\Documents\CURSOR_PROJECT\my_stage\node_modules\.vite\deps_temp_34b03187\aos.js: Le fichier spécifié est introuvable.
error: Failed to write to output file: open C:\Users\A. Bill\Documents\CURSOR_PROJECT\my_stage\node_modules\.vite\deps_temp_34b03187\@vuelidate_validators.js: Le fichier spécifié est introuvable.
error: Failed to write to output file: open C:\Users\A. Bill\Documents\CURSOR_PROJECT\my_stage\node_modules\.vite\deps_temp_34b03187\chunk-BUSYA2B4.js: Le fichier spécifié est introuvable.
...
    at failureErrorWithLog (C:\Users\A. Bill\Documents\CURSOR_PROJECT\my_stage\node_modules\esbuild\lib\main.js:1477:15)
    at C:\Users\A. Bill\Documents\CURSOR_PROJECT\my_stage\node_modules\esbuild\lib\main.js:946:25
    at C:\Users\A. Bill\Documents\CURSOR_PROJECT\my_stage\node_modules\esbuild\lib\main.js:1355:9
    at process.processTicksAndRejections (node:internal/process/task_queues:95:5) {
  errors: [Getter/Setter],
  warnings: [Getter/Setter]
}

Node.js v20.17.0
Waiting for the debugger to disconnect...